Flow report for Heatmap
Sat Feb 02 20:40:07 2019
Quartus Prime Version 17.1.0 Build 590 10/25/2017 SJ Lite Edition


---------------------
; Table of Contents ;
---------------------
  1. Legal Notice
  2. Flow Summary
  3. Flow Settings
  4. Flow Non-Default Global Settings
  5. Flow Elapsed Time
  6. Flow OS Summary
  7. Flow Log
  8. Flow Messages
  9. Flow Suppressed Messages



----------------
; Legal Notice ;
----------------
Copyright (C) 2017  Intel Corporation. All rights reserved.
Your use of Intel Corporation's design tools, logic functions 
and other software and tools, and its AMPP partner logic 
functions, and any output files from any of the foregoing 
(including device programming or simulation files), and any 
associated documentation or information are expressly subject 
to the terms and conditions of the Intel Program License 
Subscription Agreement, the Intel Quartus Prime License Agreement,
the Intel FPGA IP License Agreement, or other applicable license
agreement, including, without limitation, that your use is for
the sole purpose of programming logic devices manufactured by
Intel and sold by Intel or its authorized distributors.  Please
refer to the applicable agreement for further details.



+-------------------------------------------------------------------------------------------+
; Flow Summary                                                                              ;
+------------------------------------+------------------------------------------------------+
; Flow Status                        ; EDA Netlist Writer Failed - Sat Feb 02 20:40:07 2019 ;
; Quartus Prime Version              ; 17.1.0 Build 590 10/25/2017 SJ Lite Edition          ;
; Revision Name                      ; Heatmap                                              ;
; Top-level Entity Name              ; Heatmap_System                                       ;
; Family                             ; Cyclone IV E                                         ;
; Device                             ; EP4CE22F17C6                                         ;
; Timing Models                      ; Final                                                ;
; Total logic elements               ; 20,188 / 22,320 ( 90 % )                             ;
;     Total combinational functions  ; 17,863 / 22,320 ( 80 % )                             ;
;     Dedicated logic registers      ; 12,448 / 22,320 ( 56 % )                             ;
; Total registers                    ; 12517                                                ;
; Total pins                         ; 41 / 154 ( 27 % )                                    ;
; Total virtual pins                 ; 0                                                    ;
; Total memory bits                  ; 229,760 / 608,256 ( 38 % )                           ;
; Embedded Multiplier 9-bit elements ; 30 / 132 ( 23 % )                                    ;
; Total PLLs                         ; 1 / 4 ( 25 % )                                       ;
+------------------------------------+------------------------------------------------------+


+-----------------------------------------+
; Flow Settings                           ;
+-------------------+---------------------+
; Option            ; Setting             ;
+-------------------+---------------------+
; Start date & time ; 02/02/2019 20:34:06 ;
; Main task         ; Compilation         ;
; Revision Name     ; Heatmap             ;
+-------------------+---------------------+


+--------------------------------------------------------------------------------------------------------------------------------+
; Flow Non-Default Global Settings                                                                                               ;
+-------------------------------------+----------------------------------------+---------------+----------------+----------------+
; Assignment Name                     ; Value                                  ; Default Value ; Entity Name    ; Section Id     ;
+-------------------------------------+----------------------------------------+---------------+----------------+----------------+
; COMPILER_SIGNATURE_ID               ; 5025749854924.154913604607564          ; --            ; --             ; --             ;
; EDA_OUTPUT_DATA_FORMAT              ; Vhdl                                   ; --            ; --             ; eda_simulation ;
; EDA_SIMULATION_TOOL                 ; ModelSim-Altera (VHDL)                 ; <None>        ; --             ; --             ;
; EDA_TIME_SCALE                      ; 1 ps                                   ; --            ; --             ; eda_simulation ;
; MAX_CORE_JUNCTION_TEMP              ; 85                                     ; --            ; --             ; --             ;
; MIN_CORE_JUNCTION_TEMP              ; 0                                      ; --            ; --             ; --             ;
; NOMINAL_CORE_SUPPLY_VOLTAGE         ; 1.2V                                   ; --            ; --             ; --             ;
; PARTITION_COLOR                     ; -- (Not supported for targeted family) ; --            ; Heatmap_System ; Top            ;
; PARTITION_FITTER_PRESERVATION_LEVEL ; -- (Not supported for targeted family) ; --            ; Heatmap_System ; Top            ;
; PARTITION_NETLIST_TYPE              ; -- (Not supported for targeted family) ; --            ; Heatmap_System ; Top            ;
; POWER_BOARD_THERMAL_MODEL           ; None (CONSERVATIVE)                    ; --            ; --             ; --             ;
; POWER_PRESET_COOLING_SOLUTION       ; 23 MM HEAT SINK WITH 200 LFPM AIRFLOW  ; --            ; --             ; --             ;
; PROJECT_OUTPUT_DIRECTORY            ; output_files                           ; --            ; --             ; --             ;
; TOP_LEVEL_ENTITY                    ; Heatmap_System                         ; Heatmap       ; --             ; --             ;
+-------------------------------------+----------------------------------------+---------------+----------------+----------------+


+-------------------------------------------------------------------------------------------------------------------------------+
; Flow Elapsed Time                                                                                                             ;
+---------------------------+--------------+-------------------------+---------------------+------------------------------------+
; Module Name               ; Elapsed Time ; Average Processors Used ; Peak Virtual Memory ; Total CPU Time (on all processors) ;
+---------------------------+--------------+-------------------------+---------------------+------------------------------------+
; Analysis & Synthesis      ; 00:04:15     ; 1.0                     ; 5439 MB             ; 00:05:29                           ;
; Fitter                    ; 00:01:15     ; 1.1                     ; 6196 MB             ; 00:02:28                           ;
; Assembler                 ; 00:00:02     ; 1.0                     ; 4783 MB             ; 00:00:03                           ;
; TimeQuest Timing Analyzer ; 00:00:07     ; 1.3                     ; 5050 MB             ; 00:00:09                           ;
; EDA Netlist Writer        ; 00:00:03     ; 1.0                     ; 4816 MB             ; 00:00:03                           ;
; Total                     ; 00:05:42     ; --                      ; --                  ; 00:08:12                           ;
+---------------------------+--------------+-------------------------+---------------------+------------------------------------+


+-----------------------------------------------------------------------------------------+
; Flow OS Summary                                                                         ;
+---------------------------+------------------+------------+------------+----------------+
; Module Name               ; Machine Hostname ; OS Name    ; OS Version ; Processor type ;
+---------------------------+------------------+------------+------------+----------------+
; Analysis & Synthesis      ; DESKTOP-E47QJCG  ; Windows 10 ; 10.0       ; x86_64         ;
; Fitter                    ; DESKTOP-E47QJCG  ; Windows 10 ; 10.0       ; x86_64         ;
; Assembler                 ; DESKTOP-E47QJCG  ; Windows 10 ; 10.0       ; x86_64         ;
; TimeQuest Timing Analyzer ; DESKTOP-E47QJCG  ; Windows 10 ; 10.0       ; x86_64         ;
; EDA Netlist Writer        ; DESKTOP-E47QJCG  ; Windows 10 ; 10.0       ; x86_64         ;
+---------------------------+------------------+------------+------------+----------------+


------------
; Flow Log ;
------------
quartus_map --read_settings_files=on --write_settings_files=off Heatmap -c Heatmap
quartus_fit --read_settings_files=off --write_settings_files=off Heatmap -c Heatmap
quartus_asm --read_settings_files=off --write_settings_files=off Heatmap -c Heatmap
quartus_sta Heatmap -c Heatmap
quartus_eda --read_settings_files=off --write_settings_files=off Heatmap -c Heatmap



