Info: Starting: Create block symbol file (.bsf)
Info: qsys-generate C:\Users\Dejan\13m041vs_projekat\resources\FPGA\DDR3_VIP\soc_system.qsys --block-symbol-file --output-directory=C:\Users\Dejan\13m041vs_projekat\resources\FPGA\DDR3_VIP\soc_system --family="Cyclone V" --part=5CSEBA6U23I7
Progress: Loading DDR3_VIP/soc_system.qsys
Progress: Reading input file
Progress: Adding alt_vip_cl_cvo_0 [alt_vip_cl_cvo 18.1]
Progress: Parameterizing module alt_vip_cl_cvo_0
Progress: Adding alt_vip_cl_tpg_0 [alt_vip_cl_tpg 18.1]
Progress: Parameterizing module alt_vip_cl_tpg_0
Progress: Adding alt_vip_cl_vfb_0 [alt_vip_cl_vfb 18.1]
Progress: Parameterizing module alt_vip_cl_vfb_0
Progress: Adding clk_50 [clock_source 18.1]
Progress: Parameterizing module clk_50
Progress: Adding ddr3_0 [terasic_hps_ddr3 1.0]
Progress: Reading input file
Progress: Adding address_span_extender_0 [altera_address_span_extender 16.0]
Warning: address_span_extender_0: Used altera_address_span_extender 18.1 (instead of 16.0)
Progress: Parameterizing module address_span_extender_0
Progress: Adding clk_50 [clock_source 16.0]
Warning: clk_50: Used clock_source 18.1 (instead of 16.0)
Progress: Parameterizing module clk_50
Progress: Adding clock_bridge_0 [altera_clock_bridge 16.0]
Warning: clock_bridge_0: Used altera_clock_bridge 18.1 (instead of 16.0)
Progress: Parameterizing module clock_bridge_0
Progress: Adding hps [altera_hps 16.0]
Warning: hps: Used altera_hps 18.1 (instead of 16.0)
Progress: Parameterizing module hps
Progress: Adding hps_reset_manager_0 [hps_reset_manager 1.0]
Progress: Parameterizing module hps_reset_manager_0
Progress: Building connections
Progress: Parameterizing connections
Progress: Validating
Progress: Done reading input file
Progress: Parameterizing module ddr3_0
Progress: Adding pll_0 [altera_pll 18.1]
Progress: Parameterizing module pll_0
Progress: Building connections
Progress: Parameterizing connections
Progress: Validating
Progress: Done reading input file
Info: soc_system.alt_vip_cl_tpg_0: The output interface will have 3 colours per pixel
Info: soc_system.alt_vip_cl_vfb_0: Buffer 3 frames, storage required is 6914 kB (0x00000000 to 0x006c0600)
Info: soc_system.ddr3_0.hps: HPS Main PLL counter settings: n = 0  m = 63
Info: soc_system.ddr3_0.hps: HPS peripherial PLL counter settings: n = 0  m = 39
Warning: soc_system.ddr3_0.hps: set_interface_assignment: Interface "hps_io" does not exist
Info: soc_system.pll_0: The legal reference clock frequency is 5.0 MHz..700.0 MHz
Info: soc_system.pll_0: Able to implement PLL with user settings
Info: qsys-generate succeeded.
Info: Finished: Create block symbol file (.bsf)
Info: 
Info: Starting: Create HDL design files for synthesis
Info: qsys-generate C:\Users\Dejan\13m041vs_projekat\resources\FPGA\DDR3_VIP\soc_system.qsys --synthesis=VERILOG --output-directory=C:\Users\Dejan\13m041vs_projekat\resources\FPGA\DDR3_VIP\soc_system\synthesis --family="Cyclone V" --part=5CSEBA6U23I7
Progress: Loading DDR3_VIP/soc_system.qsys
Progress: Reading input file
Progress: Adding alt_vip_cl_cvo_0 [alt_vip_cl_cvo 18.1]
Progress: Parameterizing module alt_vip_cl_cvo_0
Progress: Adding alt_vip_cl_tpg_0 [alt_vip_cl_tpg 18.1]
Progress: Parameterizing module alt_vip_cl_tpg_0
Progress: Adding alt_vip_cl_vfb_0 [alt_vip_cl_vfb 18.1]
Progress: Parameterizing module alt_vip_cl_vfb_0
Progress: Adding clk_50 [clock_source 18.1]
Progress: Parameterizing module clk_50
Progress: Adding ddr3_0 [terasic_hps_ddr3 1.0]
Progress: Parameterizing module ddr3_0
Progress: Adding pll_0 [altera_pll 18.1]
Progress: Parameterizing module pll_0
Progress: Building connections
Progress: Parameterizing connections
Progress: Validating
Progress: Done reading input file
Info: soc_system.alt_vip_cl_tpg_0: The output interface will have 3 colours per pixel
Info: soc_system.alt_vip_cl_vfb_0: Buffer 3 frames, storage required is 6914 kB (0x00000000 to 0x006c0600)
Info: soc_system.ddr3_0.hps: HPS Main PLL counter settings: n = 0  m = 63
Info: soc_system.ddr3_0.hps: HPS peripherial PLL counter settings: n = 0  m = 39
Warning: soc_system.ddr3_0.hps: set_interface_assignment: Interface "hps_io" does not exist
Info: soc_system.pll_0: The legal reference clock frequency is 5.0 MHz..700.0 MHz
Info: soc_system.pll_0: Able to implement PLL with user settings
Info: soc_system: Generating soc_system "soc_system" for QUARTUS_SYNTH
Info: alt_vip_cl_cvo_0: "soc_system" instantiated alt_vip_cl_cvo "alt_vip_cl_cvo_0"
Info: alt_vip_cl_tpg_0: "soc_system" instantiated alt_vip_cl_tpg "alt_vip_cl_tpg_0"
Info: alt_vip_cl_vfb_0: "soc_system" instantiated alt_vip_cl_vfb "alt_vip_cl_vfb_0"
Info: Interconnect is inserted between master address_span_extender_0.expanded_master and slave hps.f2h_sdram0_data because the master has address signal 32 bit wide, but the slave is 28 bit wide.
Info: Interconnect is inserted between master address_span_extender_0.expanded_master and slave hps.f2h_sdram0_data because the master has burstcount signal 9 bit wide, but the slave is 8 bit wide.
Info: ddr3_0: "soc_system" instantiated terasic_hps_ddr3 "ddr3_0"
Info: pll_0: "soc_system" instantiated altera_pll "pll_0"
Info: avalon_st_adapter: Inserting error_adapter: error_adapter_0
Info: mm_interconnect_0: "soc_system" instantiated altera_mm_interconnect "mm_interconnect_0"
Info: rst_controller: "soc_system" instantiated altera_reset_controller "rst_controller"
Info: video_in: "alt_vip_cl_cvo_0" instantiated alt_vip_video_input_bridge "video_in"
Info: scheduler: "alt_vip_cl_cvo_0" instantiated alt_vip_cvo_scheduler "scheduler"
Info: sop_align: "alt_vip_cl_cvo_0" instantiated alt_vip_pip_sop_realign "sop_align"
Info: Reusing file C:/Users/Dejan/13m041vs_projekat/resources/FPGA/DDR3_VIP/soc_system/synthesis/submodules/common/alt_vip_common_pkg.sv
Info: Reusing file C:/Users/Dejan/13m041vs_projekat/resources/FPGA/DDR3_VIP/soc_system/synthesis/submodules/modules/alt_vip_common_event_packet_decode/src_hdl/alt_vip_common_event_packet_decode.sv
Info: Reusing file C:/Users/Dejan/13m041vs_projekat/resources/FPGA/DDR3_VIP/soc_system/synthesis/submodules/modules/alt_vip_common_event_packet_encode/src_hdl/alt_vip_common_event_packet_encode.sv
Info: cvo_core: "alt_vip_cl_cvo_0" instantiated alt_vip_cvo_core "cvo_core"
Info: Reusing file C:/Users/Dejan/13m041vs_projekat/resources/FPGA/DDR3_VIP/soc_system/synthesis/submodules/common/alt_vip_common_pkg.sv
Info: Reusing file C:/Users/Dejan/13m041vs_projekat/resources/FPGA/DDR3_VIP/soc_system/synthesis/submodules/modules/alt_vip_common_event_packet_encode/src_hdl/alt_vip_common_event_packet_encode.sv
Info: Reusing file C:/Users/Dejan/13m041vs_projekat/resources/FPGA/DDR3_VIP/soc_system/synthesis/submodules/modules/alt_vip_common_event_packet_decode/src_hdl/alt_vip_common_event_packet_decode.sv
Info: video_out: "alt_vip_cl_tpg_0" instantiated alt_vip_video_output_bridge "video_out"
Info: Reusing file C:/Users/Dejan/13m041vs_projekat/resources/FPGA/DDR3_VIP/soc_system/synthesis/submodules/common/alt_vip_common_pkg.sv
Info: Reusing file C:/Users/Dejan/13m041vs_projekat/resources/FPGA/DDR3_VIP/soc_system/synthesis/submodules/modules/alt_vip_common_event_packet_decode/src_hdl/alt_vip_common_event_packet_decode.sv
Info: Reusing file C:/Users/Dejan/13m041vs_projekat/resources/FPGA/DDR3_VIP/soc_system/synthesis/submodules/modules/alt_vip_common_event_packet_encode/src_hdl/alt_vip_common_event_packet_encode.sv
Info: Reusing file C:/Users/Dejan/13m041vs_projekat/resources/FPGA/DDR3_VIP/soc_system/synthesis/submodules/modules/alt_vip_common_sop_align/src_hdl/alt_vip_common_sop_align.sv
Info: scheduler: "alt_vip_cl_tpg_0" instantiated alt_vip_tpg_multi_scheduler "scheduler"
Info: Reusing file C:/Users/Dejan/13m041vs_projekat/resources/FPGA/DDR3_VIP/soc_system/synthesis/submodules/common/alt_vip_common_pkg.sv
Info: Reusing file C:/Users/Dejan/13m041vs_projekat/resources/FPGA/DDR3_VIP/soc_system/synthesis/submodules/modules/alt_vip_common_event_packet_decode/src_hdl/alt_vip_common_event_packet_decode.sv
Info: Reusing file C:/Users/Dejan/13m041vs_projekat/resources/FPGA/DDR3_VIP/soc_system/synthesis/submodules/modules/alt_vip_common_event_packet_encode/src_hdl/alt_vip_common_event_packet_encode.sv
Info: core_0: "alt_vip_cl_tpg_0" instantiated alt_vip_tpg_bars_alg_core "core_0"
Info: Reusing file C:/Users/Dejan/13m041vs_projekat/resources/FPGA/DDR3_VIP/soc_system/synthesis/submodules/common/alt_vip_common_pkg.sv
Info: Reusing file C:/Users/Dejan/13m041vs_projekat/resources/FPGA/DDR3_VIP/soc_system/synthesis/submodules/modules/alt_vip_common_event_packet_decode/src_hdl/alt_vip_common_event_packet_decode.sv
Info: Reusing file C:/Users/Dejan/13m041vs_projekat/resources/FPGA/DDR3_VIP/soc_system/synthesis/submodules/modules/alt_vip_common_event_packet_encode/src_hdl/alt_vip_common_event_packet_encode.sv
Info: video_in: "alt_vip_cl_vfb_0" instantiated alt_vip_video_input_bridge "video_in"
Info: wr_ctrl: "alt_vip_cl_vfb_0" instantiated alt_vip_vfb_wr_ctrl "wr_ctrl"
Info: Reusing file C:/Users/Dejan/13m041vs_projekat/resources/FPGA/DDR3_VIP/soc_system/synthesis/submodules/common/alt_vip_common_pkg.sv
Info: Reusing file C:/Users/Dejan/13m041vs_projekat/resources/FPGA/DDR3_VIP/soc_system/synthesis/submodules/modules/alt_vip_common_event_packet_decode/src_hdl/alt_vip_common_event_packet_decode.sv
Info: Reusing file C:/Users/Dejan/13m041vs_projekat/resources/FPGA/DDR3_VIP/soc_system/synthesis/submodules/modules/alt_vip_common_event_packet_encode/src_hdl/alt_vip_common_event_packet_encode.sv
Info: pkt_trans_wr: "alt_vip_cl_vfb_0" instantiated alt_vip_packet_transfer "pkt_trans_wr"
Info: Reusing file C:/Users/Dejan/13m041vs_projekat/resources/FPGA/DDR3_VIP/soc_system/synthesis/submodules/common/alt_vip_common_pkg.sv
Info: Reusing file C:/Users/Dejan/13m041vs_projekat/resources/FPGA/DDR3_VIP/soc_system/synthesis/submodules/modules/alt_vip_common_event_packet_decode/src_hdl/alt_vip_common_event_packet_decode.sv
Info: Reusing file C:/Users/Dejan/13m041vs_projekat/resources/FPGA/DDR3_VIP/soc_system/synthesis/submodules/modules/alt_vip_common_event_packet_encode/src_hdl/alt_vip_common_event_packet_encode.sv
Info: rd_ctrl: "alt_vip_cl_vfb_0" instantiated alt_vip_vfb_rd_ctrl "rd_ctrl"
Info: Reusing file C:/Users/Dejan/13m041vs_projekat/resources/FPGA/DDR3_VIP/soc_system/synthesis/submodules/common/alt_vip_common_pkg.sv
Info: Reusing file C:/Users/Dejan/13m041vs_projekat/resources/FPGA/DDR3_VIP/soc_system/synthesis/submodules/modules/alt_vip_common_event_packet_decode/src_hdl/alt_vip_common_event_packet_decode.sv
Info: Reusing file C:/Users/Dejan/13m041vs_projekat/resources/FPGA/DDR3_VIP/soc_system/synthesis/submodules/modules/alt_vip_common_event_packet_encode/src_hdl/alt_vip_common_event_packet_encode.sv
Info: sync_ctrl: "alt_vip_cl_vfb_0" instantiated alt_vip_vfb_sync_ctrl "sync_ctrl"
Info: Reusing file C:/Users/Dejan/13m041vs_projekat/resources/FPGA/DDR3_VIP/soc_system/synthesis/submodules/common/alt_vip_common_pkg.sv
Info: Reusing file C:/Users/Dejan/13m041vs_projekat/resources/FPGA/DDR3_VIP/soc_system/synthesis/submodules/modules/alt_vip_common_event_packet_decode/src_hdl/alt_vip_common_event_packet_decode.sv
Info: Reusing file C:/Users/Dejan/13m041vs_projekat/resources/FPGA/DDR3_VIP/soc_system/synthesis/submodules/modules/alt_vip_common_event_packet_encode/src_hdl/alt_vip_common_event_packet_encode.sv
Info: address_span_extender_0: "ddr3_0" instantiated altera_address_span_extender "address_span_extender_0"
Info: hps: "Running  for module: hps"
Info: hps: HPS Main PLL counter settings: n = 0  m = 63
Info: hps: HPS peripherial PLL counter settings: n = 0  m = 39
Warning: hps: set_interface_assignment: Interface "hps_io" does not exist
Info: hps: "ddr3_0" instantiated altera_hps "hps"
Info: hps_reset_manager_0: "ddr3_0" instantiated hps_reset_manager "hps_reset_manager_0"
Info: avalon_st_adapter: Inserting error_adapter: error_adapter_0
Info: mm_interconnect_0: "ddr3_0" instantiated altera_mm_interconnect "mm_interconnect_0"
Info: alt_vip_cl_vfb_0_mem_master_rd_translator: "mm_interconnect_0" instantiated altera_merlin_master_translator "alt_vip_cl_vfb_0_mem_master_rd_translator"
Info: ddr3_0_hps_f2h_sdram0_data_translator: "mm_interconnect_0" instantiated altera_merlin_slave_translator "ddr3_0_hps_f2h_sdram0_data_translator"
Info: alt_vip_cl_vfb_0_mem_master_rd_agent: "mm_interconnect_0" instantiated altera_merlin_master_agent "alt_vip_cl_vfb_0_mem_master_rd_agent"
Info: ddr3_0_hps_f2h_sdram0_data_agent: "mm_interconnect_0" instantiated altera_merlin_slave_agent "ddr3_0_hps_f2h_sdram0_data_agent"
Info: ddr3_0_hps_f2h_sdram0_data_agent_rsp_fifo: "mm_interconnect_0" instantiated altera_avalon_sc_fifo "ddr3_0_hps_f2h_sdram0_data_agent_rsp_fifo"
Info: router: "mm_interconnect_0" instantiated altera_merlin_router "router"
Info: router_002: "mm_interconnect_0" instantiated altera_merlin_router "router_002"
Info: cmd_demux: "mm_interconnect_0" instantiated altera_merlin_demultiplexer "cmd_demux"
Info: cmd_mux: "mm_interconnect_0" instantiated altera_merlin_multiplexer "cmd_mux"
Info: rsp_demux: "mm_interconnect_0" instantiated altera_merlin_demultiplexer "rsp_demux"
Info: rsp_mux: "mm_interconnect_0" instantiated altera_merlin_multiplexer "rsp_mux"
Info: Reusing file C:/Users/Dejan/13m041vs_projekat/resources/FPGA/DDR3_VIP/soc_system/synthesis/submodules/altera_merlin_arbitrator.sv
Info: avalon_st_adapter: "mm_interconnect_0" instantiated altera_avalon_st_adapter "avalon_st_adapter"
Info: vid_front: "video_in" instantiated alt_vip_video_input_bridge_resp "vid_front"
Info: Reusing file C:/Users/Dejan/13m041vs_projekat/resources/FPGA/DDR3_VIP/soc_system/synthesis/submodules/common/alt_vip_common_pkg.sv
Info: Reusing file C:/Users/Dejan/13m041vs_projekat/resources/FPGA/DDR3_VIP/soc_system/synthesis/submodules/modules/alt_vip_common_event_packet_decode/src_hdl/alt_vip_common_event_packet_decode.sv
Info: Reusing file C:/Users/Dejan/13m041vs_projekat/resources/FPGA/DDR3_VIP/soc_system/synthesis/submodules/modules/alt_vip_common_event_packet_encode/src_hdl/alt_vip_common_event_packet_encode.sv
Info: vid_back: "video_in" instantiated alt_vip_video_input_bridge_cmd "vid_back"
Info: Reusing file C:/Users/Dejan/13m041vs_projekat/resources/FPGA/DDR3_VIP/soc_system/synthesis/submodules/common/alt_vip_common_pkg.sv
Info: Reusing file C:/Users/Dejan/13m041vs_projekat/resources/FPGA/DDR3_VIP/soc_system/synthesis/submodules/modules/alt_vip_common_event_packet_decode/src_hdl/alt_vip_common_event_packet_decode.sv
Info: Reusing file C:/Users/Dejan/13m041vs_projekat/resources/FPGA/DDR3_VIP/soc_system/synthesis/submodules/modules/alt_vip_common_event_packet_encode/src_hdl/alt_vip_common_event_packet_encode.sv
Info: fpga_interfaces: "hps" instantiated altera_interface_generator "fpga_interfaces"
Info: hps_io: "hps" instantiated altera_hps_io "hps_io"
Info: router: "mm_interconnect_0" instantiated altera_merlin_router "router"
Info: router_001: "mm_interconnect_0" instantiated altera_merlin_router "router_001"
Info: hps_f2h_sdram0_data_burst_adapter: "mm_interconnect_0" instantiated altera_merlin_burst_adapter "hps_f2h_sdram0_data_burst_adapter"
Info: cmd_demux: "mm_interconnect_0" instantiated altera_merlin_demultiplexer "cmd_demux"
Info: cmd_mux: "mm_interconnect_0" instantiated altera_merlin_multiplexer "cmd_mux"
Info: Reusing file C:/Users/Dejan/13m041vs_projekat/resources/FPGA/DDR3_VIP/soc_system/synthesis/submodules/altera_merlin_arbitrator.sv
Info: rsp_mux: "mm_interconnect_0" instantiated altera_merlin_multiplexer "rsp_mux"
Info: Reusing file C:/Users/Dejan/13m041vs_projekat/resources/FPGA/DDR3_VIP/soc_system/synthesis/submodules/altera_merlin_arbitrator.sv
Info: error_adapter_0: "avalon_st_adapter" instantiated error_adapter "error_adapter_0"
Info: border: "hps_io" instantiated altera_interface_generator "border"
Info: soc_system: Done "soc_system" with 48 modules, 159 files
Info: qsys-generate succeeded.
Info: Finished: Create HDL design files for synthesis
