Flow report for ivs_project
Thu Sep 19 14:12:48 2019
Quartus Prime Version 18.1.0 Build 625 09/12/2018 SJ Lite Edition


---------------------
; Table of Contents ;
---------------------
  1. Legal Notice
  2. Flow Summary
  3. Flow Settings
  4. Flow Non-Default Global Settings
  5. Flow Elapsed Time
  6. Flow OS Summary
  7. Flow Log
  8. Flow Messages
  9. Flow Suppressed Messages



----------------
; Legal Notice ;
----------------
Copyright (C) 2018  Intel Corporation. All rights reserved.
Your use of Intel Corporation's design tools, logic functions 
and other software and tools, and its AMPP partner logic 
functions, and any output files from any of the foregoing 
(including device programming or simulation files), and any 
associated documentation or information are expressly subject 
to the terms and conditions of the Intel Program License 
Subscription Agreement, the Intel Quartus Prime License Agreement,
the Intel FPGA IP License Agreement, or other applicable license
agreement, including, without limitation, that your use is for
the sole purpose of programming logic devices manufactured by
Intel and sold by Intel or its authorized distributors.  Please
refer to the applicable agreement for further details.



+----------------------------------------------------------------------------------+
; Flow Summary                                                                     ;
+------------------------------------+---------------------------------------------+
; Flow Status                        ; Successful - Thu Sep 19 14:12:38 2019       ;
; Quartus Prime Version              ; 18.1.0 Build 625 09/12/2018 SJ Lite Edition ;
; Revision Name                      ; ivs_project                                 ;
; Top-level Entity Name              ; ivs_project                                 ;
; Family                             ; Cyclone IV E                                ;
; Device                             ; EP4CE22F17C6                                ;
; Timing Models                      ; Final                                       ;
; Total logic elements               ; 20,218 / 22,320 ( 91 % )                    ;
;     Total combinational functions  ; 17,491 / 22,320 ( 78 % )                    ;
;     Dedicated logic registers      ; 12,720 / 22,320 ( 57 % )                    ;
; Total registers                    ; 12789                                       ;
; Total pins                         ; 41 / 154 ( 27 % )                           ;
; Total virtual pins                 ; 0                                           ;
; Total memory bits                  ; 199,008 / 608,256 ( 33 % )                  ;
; Embedded Multiplier 9-bit elements ; 30 / 132 ( 23 % )                           ;
; Total PLLs                         ; 1 / 4 ( 25 % )                              ;
+------------------------------------+---------------------------------------------+


+-----------------------------------------+
; Flow Settings                           ;
+-------------------+---------------------+
; Option            ; Setting             ;
+-------------------+---------------------+
; Start date & time ; 09/19/2019 14:08:37 ;
; Main task         ; Compilation         ;
; Revision Name     ; ivs_project         ;
+-------------------+---------------------+


+-------------------------------------------------------------------------------------------------------------------------------------------+
; Flow Non-Default Global Settings                                                                                                          ;
+-------------------------------------+----------------------------------------------------------+---------------+-------------+------------+
; Assignment Name                     ; Value                                                    ; Default Value ; Entity Name ; Section Id ;
+-------------------------------------+----------------------------------------------------------+---------------+-------------+------------+
; COMPILER_SIGNATURE_ID               ; 247207016804418.156889491603104                          ; --            ; --          ; --         ;
; MISC_FILE                           ; system/synthesis/../system.cmp                           ; --            ; --          ; --         ;
; MISC_FILE                           ; system/synthesis/../../system.qsys                       ; --            ; --          ; --         ;
; PARTITION_COLOR                     ; -- (Not supported for targeted family)                   ; --            ; --          ; Top        ;
; PARTITION_FITTER_PRESERVATION_LEVEL ; -- (Not supported for targeted family)                   ; --            ; --          ; Top        ;
; PARTITION_NETLIST_TYPE              ; -- (Not supported for targeted family)                   ; --            ; --          ; Top        ;
; PROJECT_OUTPUT_DIRECTORY            ; output_files                                             ; --            ; --          ; --         ;
; SLD_FILE                            ; system/synthesis/system.regmap                           ; --            ; --          ; --         ;
; SLD_FILE                            ; system/synthesis/system.debuginfo                        ; --            ; --          ; --         ;
; SLD_INFO                            ; QSYS_NAME system HAS_SOPCINFO 1 GENERATION_ID 1565281283 ; --            ; system      ; --         ;
; SOPCINFO_FILE                       ; system/synthesis/../../system.sopcinfo                   ; --            ; --          ; --         ;
; SYNTHESIS_ONLY_QIP                  ; On                                                       ; --            ; --          ; --         ;
+-------------------------------------+----------------------------------------------------------+---------------+-------------+------------+


+--------------------------------------------------------------------------------------------------------------------------+
; Flow Elapsed Time                                                                                                        ;
+----------------------+--------------+-------------------------+---------------------+------------------------------------+
; Module Name          ; Elapsed Time ; Average Processors Used ; Peak Virtual Memory ; Total CPU Time (on all processors) ;
+----------------------+--------------+-------------------------+---------------------+------------------------------------+
; Analysis & Synthesis ; 00:02:15     ; 1.0                     ; 5357 MB             ; 00:02:29                           ;
; Fitter               ; 00:01:25     ; 1.1                     ; 6092 MB             ; 00:02:37                           ;
; Assembler            ; 00:00:04     ; 1.0                     ; 4771 MB             ; 00:00:03                           ;
; Timing Analyzer      ; 00:00:09     ; 1.4                     ; 5029 MB             ; 00:00:10                           ;
; Total                ; 00:03:53     ; --                      ; --                  ; 00:05:19                           ;
+----------------------+--------------+-------------------------+---------------------+------------------------------------+


+------------------------------------------------------------------------------------+
; Flow OS Summary                                                                    ;
+----------------------+------------------+------------+------------+----------------+
; Module Name          ; Machine Hostname ; OS Name    ; OS Version ; Processor type ;
+----------------------+------------------+------------+------------+----------------+
; Analysis & Synthesis ; DESKTOP-T899SJD  ; Windows 10 ; 10.0       ; x86_64         ;
; Fitter               ; DESKTOP-T899SJD  ; Windows 10 ; 10.0       ; x86_64         ;
; Assembler            ; DESKTOP-T899SJD  ; Windows 10 ; 10.0       ; x86_64         ;
; Timing Analyzer      ; DESKTOP-T899SJD  ; Windows 10 ; 10.0       ; x86_64         ;
+----------------------+------------------+------------+------------+----------------+


------------
; Flow Log ;
------------
quartus_map --read_settings_files=on --write_settings_files=off ivs_project -c ivs_project
quartus_fit --read_settings_files=off --write_settings_files=off ivs_project -c ivs_project
quartus_asm --read_settings_files=off --write_settings_files=off ivs_project -c ivs_project
quartus_sta ivs_project -c ivs_project



